abc
abc
2016-12-08 10:22:41:000000 abc
2016-12-08 10:22:42:000000 abc
2016-12-08 10:22:42:000000 abc
2016-12-08 10:22:53:000000 abc
2016-12-08 10:22:53:000000 abc
2016-12-08 10:22:54:000000 abc
2016-12-08 10:22:54:000000 abc
2016-12-08 10:26:34:687 abc
2016-12-08 10:26:35:263 abc
2016-12-08 10:27:20:591 
2016-12-08 10:27:29:559 
2016-12-08 10:28:14:47 Array
2016-12-08 10:28:14:615 Array
2016-12-08 10:30:17:622 Array
2016-12-08 10:30:18:144 Array
2016-12-08 10:31:03:342 array (
  'msg' => 'abc',
  'time' => 1481164263,
)
2016-12-08 10:31:03:887 array (
  'msg' => 'abc',
  'time' => 1481164263,
)
2016-12-08 10:31:46:519 {"msg":"abc","time":1481164306}
2016-12-08 10:31:47:149 {"msg":"abc","time":1481164307}
2016-12-08 10:31:49:596 {"msg":"abc","time":1481164309}
2016-12-08 10:33:45:974 {"message":{"msg":"abc","time":1481164425}}
2016-12-08 10:33:48:278 {"message":{"msg":"abc","time":1481164428}}
2016-12-08 10:34:42:549 sdfsfsdfsdf
2016-12-08 10:34:45:350 sdfsfsdfsdf
